<?xml version="1.0" encoding="UTF-8"?>
<testng-results ignored="0" total="2" passed="2" failed="0" skipped="0">
  <reporter-output>
  </reporter-output>
  <suite started-at="2024-10-21T16:39:57 IST" name="Default suite" finished-at="2024-10-21T16:40:01 IST" duration-ms="4146">
    <groups>
    </groups>
    <test started-at="2024-10-21T16:39:57 IST" name="Default test" finished-at="2024-10-21T16:40:01 IST" duration-ms="4146">
      <class name="com.graphql.queries">
        <test-method signature="mutations()[pri:0, instance:com.graphql.queries@397fbdb]" started-at="2024-10-21T16:39:57 IST" name="mutations" finished-at="2024-10-21T16:40:00 IST" duration-ms="3270" status="PASS">
          <reporter-output>
          </reporter-output>
        </test-method> <!-- mutations -->
        <test-method signature="queries()[pri:0, instance:com.graphql.queries@397fbdb]" started-at="2024-10-21T16:40:00 IST" name="queries" finished-at="2024-10-21T16:40:01 IST" duration-ms="810" status="PASS">
          <reporter-output>
          </reporter-output>
        </test-method> <!-- queries -->
      </class> <!-- com.graphql.queries -->
    </test> <!-- Default test -->
  </suite> <!-- Default suite -->
</testng-results>
